<?xml version="1.0" encoding="UTF-8"?>
<!-- Generated by org.testng.reporters.JUnitReportReporter -->
<testsuite hostname="Win10-2-205" failures="0" tests="1" name="com.qa.zerobank.testcases.PurchaseForeignCurrencyCashTestCases" time="14.481" errors="0" timestamp="2022-01-10T22:10:52 IST" skipped="0">
  <testcase classname="com.qa.zerobank.testcases.PurchaseForeignCurrencyCashTestCases" name="Purchase_Foreign_Currency_Cash_Alert_Test" time="14.481"/>
  <system-out/>
</testsuite> <!-- com.qa.zerobank.testcases.PurchaseForeignCurrencyCashTestCases -->
