<?xml version="1.0" encoding="UTF-8"?>
<!-- Generated by org.testng.reporters.JUnitReportReporter -->
<testsuite hostname="Win10-2-205" failures="0" tests="2" name="com.qa.zerobank.testcases.HomePageTestCases" time="14.695" errors="0" timestamp="2022-01-11T10:08:44 IST" skipped="0">
  <testcase classname="com.qa.zerobank.testcases.HomePageTestCases" name="signInButtonTest" time="6.137"/>
  <system-out/>
  <testcase classname="com.qa.zerobank.testcases.HomePageTestCases" name="searchBoxPositiveTest" time="8.558"/>
  <system-out/>
</testsuite> <!-- com.qa.zerobank.testcases.HomePageTestCases -->
