<?xml version="1.0" encoding="UTF-8"?>
<!-- Generated by org.testng.reporters.JUnitReportReporter -->
<testsuite hostname="Win10-2-205" failures="0" tests="1" name="com.qa.zerobank.testcases.LogInPageTestcases" time="12.099" errors="0" timestamp="2022-01-11T10:08:44 IST" skipped="0">
  <testcase classname="com.qa.zerobank.testcases.LogInPageTestcases" name="validate_LogIn_Functionality_Valid_Credentials" time="12.099"/>
  <system-out/>
</testsuite> <!-- com.qa.zerobank.testcases.LogInPageTestcases -->
