<?xml version="1.0" encoding="UTF-8"?>
<!-- Generated by org.testng.reporters.JUnitReportReporter -->
<testsuite hostname="Win10-2-205" failures="0" tests="2" name="com.qa.zerobank.testcases.AccountSummaryTestCases" time="31.712" errors="0" timestamp="2022-01-11T10:08:44 IST" skipped="0">
  <testcase classname="com.qa.zerobank.testcases.AccountSummaryTestCases" name="Purchase_Foreign_Currency_Cash_Alert_Test" time="17.489"/>
  <system-out/>
  <testcase classname="com.qa.zerobank.testcases.AccountSummaryTestCases" name="Fund_Transfer_test" time="14.223"/>
  <system-out/>
</testsuite> <!-- com.qa.zerobank.testcases.AccountSummaryTestCases -->
